<?xml version="1.0" encoding="UTF-8"?>
<!-- Generated by org.testng.reporters.JUnitXMLReporter -->
<testsuite hostname="DESKTOP-8CIBRGH" name="Test functionality 1" tests="1" failures="1" timestamp="6 Jul 2020 13:20:10 GMT" time="15.057" errors="0">
  <testcase name="registration" time="4.604" classname="appTestScripts.Test_Register">
    <failure type="java.lang.NullPointerException">
      <![CDATA[java.lang.NullPointerException
	at reporter.ExtentReporter.testLog(ExtentReporter.java:125)
	at appTestScripts.Test_Register.registration(Test_Register.java:43)
... Removed 24 stack frames]]>
    </failure>
  </testcase> <!-- registration -->
</testsuite> <!-- Test functionality 1 -->
